<?xml version="1.0" encoding="UTF-8"?>
<!-- Generated by org.testng.reporters.JUnitXMLReporter -->
<testsuite ignored="0" hostname="Girish" failures="1" tests="6" name="Default test(failed)" time="0.149" errors="0" timestamp="2025-09-11T11:58:59 IST">
  <testcase classname="practise.testng.ActivateSimRetryAnalyzerTest" name="activateSim" time="0.017">
    <skipped/>
  </testcase> <!-- activateSim -->
  <testcase classname="practise.testng.ActivateSimRetryAnalyzerTest" name="activateSim" time="0.006">
    <skipped/>
  </testcase> <!-- activateSim -->
  <testcase classname="practise.testng.ActivateSimRetryAnalyzerTest" name="activateSim" time="0.007">
    <skipped/>
  </testcase> <!-- activateSim -->
  <testcase classname="practise.testng.ActivateSimRetryAnalyzerTest" name="activateSim" time="0.014">
    <skipped/>
  </testcase> <!-- activateSim -->
  <testcase classname="practise.testng.ActivateSimRetryAnalyzerTest" name="activateSim" time="0.006">
    <skipped/>
  </testcase> <!-- activateSim -->
  <testcase classname="practise.testng.ActivateSimRetryAnalyzerTest" name="activateSim" time="0.006">
    <failure type="java.lang.AssertionError" message="expected [Login] but found []">
      <![CDATA[java.lang.AssertionError: expected [Login] but found []
at practise.testng.ActivateSimRetryAnalyzerTest.activateSim(ActivateSimRetryAnalyzerTest.java:11)
at java.base/java.util.ArrayList.forEach(ArrayList.java:1511)
... Removed 33 stack frames]]>
    </failure>
  </testcase> <!-- activateSim -->
</testsuite> <!-- Default test(failed) -->
